<?xml version="1.0" encoding="UTF-8" ?>
<testsuite failures="0" time="5.486" errors="0" skipped="0" tests="8" name="com.eucalyptus.admin.test.EucaAdminSDKTest">
  <properties>
[...]
</properties>
  <testcase time="1.069" classname="com.eucalyptus.admin.test.EucaAdminSDKTest" name="testDescribeServices"/>
  <testcase time="0.307" classname="com.eucalyptus.admin.test.EucaAdminSDKTest" name="testGetSessionToken"/>
  <testcase time="1.724" classname="com.eucalyptus.admin.test.EucaAdminSDKTest" name="testDescribeProperties"/>
  <testcase time="0.002" classname="com.eucalyptus.admin.test.EucaAdminSDKTest" name="testModifyProperty"/>
  <testcase time="0.808" classname="com.eucalyptus.admin.test.EucaAdminSDKTest" name="testModifyService"/>
  <testcase time="0.376" classname="com.eucalyptus.admin.test.EucaAdminSDKTest" name="testDescribeComponents"/>
  <testcase time="0.304" classname="com.eucalyptus.admin.test.EucaAdminSDKTest" name="testDescribeVmTypes"/>
  <testcase time="0.896" classname="com.eucalyptus.admin.test.EucaAdminSDKTest" name="testModifyVmType"/>
</testsuite>